2014-05-01 14:37:08.967 HelloWorld[1255:90b] Multi-tasking -> Device: YES, App: YES
2014-05-01 14:37:09.315 HelloWorld[1255:90b] Resetting plugins due to page load.
2014-05-01 14:37:09.391 HelloWorld[1255:90b] Finished load of: file:///Users/bryan/Library/Application%20Support/iPhone%20Simulator/7.1/Applications/9C919A04-50F1-4C40-AD33-2EEBB8CD967A/HelloWorld.app/www/index.html
2014-05-01 14:37:49.443 HelloWorld[1568:90b] Multi-tasking -> Device: YES, App: YES
2014-05-01 14:37:49.575 HelloWorld[1568:90b] Resetting plugins due to page load.
2014-05-01 14:37:49.621 HelloWorld[1568:90b] Finished load of: file:///Users/bryan/Library/Application%20Support/iPhone%20Simulator/7.1/Applications/9C919A04-50F1-4C40-AD33-2EEBB8CD967A/HelloWorld.app/www/index.html
2014-05-03 16:13:53.137 HelloWorld[1747:90b] Multi-tasking -> Device: YES, App: YES
2014-05-03 16:13:53.351 HelloWorld[1747:90b] Resetting plugins due to page load.
2014-05-03 16:13:53.421 HelloWorld[1747:90b] Finished load of: file:///Users/bryan/Library/Application%20Support/iPhone%20Simulator/7.1/Applications/9C919A04-50F1-4C40-AD33-2EEBB8CD967A/HelloWorld.app/www/index.html
2014-05-03 16:14:56.896 HelloWorld[2061:90b] Multi-tasking -> Device: YES, App: YES
2014-05-03 16:14:57.061 HelloWorld[2061:90b] Resetting plugins due to page load.
2014-05-03 16:14:57.092 HelloWorld[2061:90b] Finished load of: file:///Users/bryan/Library/Application%20Support/iPhone%20Simulator/7.1/Applications/9C919A04-50F1-4C40-AD33-2EEBB8CD967A/HelloWorld.app/www/index.html
2014-05-03 16:41:38.003 HelloWorld[2785:90b] Multi-tasking -> Device: YES, App: YES
2014-05-03 16:41:38.149 HelloWorld[2785:90b] Resetting plugins due to page load.
2014-05-03 16:41:38.225 HelloWorld[2785:90b] Finished load of: file:///Users/bryan/Library/Application%20Support/iPhone%20Simulator/7.1/Applications/9C919A04-50F1-4C40-AD33-2EEBB8CD967A/HelloWorld.app/www/index.html
2014-05-03 16:41:38.247 HelloWorld[2785:4103] ERROR whitelist rejection: url='https://graph.facebook.com/v2.0/Cardinals/feed?access_token=125449617468339%7C38d56cb6355f6e3d8ab875f4cc51a5bc'
2014-05-03 16:41:38.249 HelloWorld[2785:4103] ERROR whitelist rejection: url='https://graph.facebook.com/v2.0/Cardinals/feed?access_token=125449617468339%7C38d56cb6355f6e3d8ab875f4cc51a5bc'
2014-05-03 16:41:38.249 HelloWorld[2785:4103] ERROR whitelist rejection: url='https://graph.facebook.com/v2.0/Cardinals/feed?access_token=125449617468339%7C38d56cb6355f6e3d8ab875f4cc51a5bc'
2014-05-03 16:43:09.270 HelloWorld[3130:90b] Multi-tasking -> Device: YES, App: YES
2014-05-03 16:43:09.416 HelloWorld[3130:90b] Resetting plugins due to page load.
2014-05-03 16:43:09.482 HelloWorld[3130:90b] Finished load of: file:///Users/bryan/Library/Application%20Support/iPhone%20Simulator/7.1/Applications/9C919A04-50F1-4C40-AD33-2EEBB8CD967A/HelloWorld.app/www/index.html
2014-05-03 16:43:12.676 HelloWorld[3130:4103] ERROR whitelist rejection: url='https://fbcdn-photos-b-a.akamaihd.net/hphotos-ak-frc1/t1.0-0/10173729_10152228304791840_5246477188477598314_s.jpg'
2014-05-03 16:43:12.676 HelloWorld[3130:4103] ERROR whitelist rejection: url='https://fbcdn-photos-b-a.akamaihd.net/hphotos-ak-frc1/t1.0-0/10173729_10152228304791840_5246477188477598314_s.jpg'
2014-05-03 16:43:12.677 HelloWorld[3130:4103] ERROR whitelist rejection: url='https://fbcdn-photos-b-a.akamaihd.net/hphotos-ak-frc1/t1.0-0/10173729_10152228304791840_5246477188477598314_s.jpg'
2014-05-03 16:43:12.679 HelloWorld[3130:4103] ERROR whitelist rejection: url='https://fbexternal-a.akamaihd.net/safe_image.php?d=AQBsdHW798NC7fNn&w=130&h=130&url=http%3A%2F%2Fupload.contextoptional.com%2F20140502180008135479.jpg'
2014-05-03 16:43:12.679 HelloWorld[3130:4103] ERROR whitelist rejection: url='https://fbexternal-a.akamaihd.net/safe_image.php?d=AQBsdHW798NC7fNn&w=130&h=130&url=http%3A%2F%2Fupload.contextoptional.com%2F20140502180008135479.jpg'
2014-05-03 16:43:12.680 HelloWorld[3130:4103] ERROR whitelist rejection: url='https://fbexternal-a.akamaihd.net/safe_image.php?d=AQBsdHW798NC7fNn&w=130&h=130&url=http%3A%2F%2Fupload.contextoptional.com%2F20140502180008135479.jpg'
2014-05-03 16:43:12.681 HelloWorld[3130:4103] ERROR whitelist rejection: url='https://fbcdn-photos-c-a.akamaihd.net/hphotos-ak-ash3/t1.0-0/1450713_10152225848256840_2816829294825835138_s.jpg'
2014-05-03 16:43:12.681 HelloWorld[3130:4103] ERROR whitelist rejection: url='https://fbcdn-photos-c-a.akamaihd.net/hphotos-ak-ash3/t1.0-0/1450713_10152225848256840_2816829294825835138_s.jpg'
2014-05-03 16:43:12.681 HelloWorld[3130:4103] ERROR whitelist rejection: url='https://fbcdn-photos-c-a.akamaihd.net/hphotos-ak-ash3/t1.0-0/1450713_10152225848256840_2816829294825835138_s.jpg'
2014-05-03 16:43:12.682 HelloWorld[3130:4103] ERROR whitelist rejection: url='https://fbcdn-photos-e-a.akamaihd.net/hphotos-ak-prn1/t1.0-0/10300106_10152225087656840_3993120357586544818_s.jpg'
2014-05-03 16:43:12.682 HelloWorld[3130:4103] ERROR whitelist rejection: url='https://fbcdn-photos-e-a.akamaihd.net/hphotos-ak-prn1/t1.0-0/10300106_10152225087656840_3993120357586544818_s.jpg'
2014-05-03 16:43:12.683 HelloWorld[3130:4103] ERROR whitelist rejection: url='https://fbcdn-photos-e-a.akamaihd.net/hphotos-ak-prn1/t1.0-0/10300106_10152225087656840_3993120357586544818_s.jpg'
2014-05-03 16:43:12.683 HelloWorld[3130:4103] ERROR whitelist rejection: url='https://fbcdn-photos-g-a.akamaihd.net/hphotos-ak-frc3/t1.0-0/10247458_10152224784086840_2847103863687307990_s.jpg'
2014-05-03 16:43:12.684 HelloWorld[3130:4103] ERROR whitelist rejection: url='https://fbcdn-photos-g-a.akamaihd.net/hphotos-ak-frc3/t1.0-0/10247458_10152224784086840_2847103863687307990_s.jpg'
2014-05-03 16:43:12.684 HelloWorld[3130:4103] ERROR whitelist rejection: url='https://fbcdn-photos-g-a.akamaihd.net/hphotos-ak-frc3/t1.0-0/10247458_10152224784086840_2847103863687307990_s.jpg'
2014-05-03 16:43:12.685 HelloWorld[3130:4103] ERROR whitelist rejection: url='https://fbcdn-vthumb-a.akamaihd.net/hvthumb-ak-ash3/t15.0-10/1940414_10152222676021840_10152222672786840_34792_1148_b.jpg'
2014-05-03 16:43:12.685 HelloWorld[3130:4103] ERROR whitelist rejection: url='https://fbcdn-vthumb-a.akamaihd.net/hvthumb-ak-ash3/t15.0-10/1940414_10152222676021840_10152222672786840_34792_1148_b.jpg'
2014-05-03 16:43:12.685 HelloWorld[3130:4103] ERROR whitelist rejection: url='https://fbcdn-vthumb-a.akamaihd.net/hvthumb-ak-ash3/t15.0-10/1940414_10152222676021840_10152222672786840_34792_1148_b.jpg'
2014-05-03 16:43:12.686 HelloWorld[3130:4103] ERROR whitelist rejection: url='https://fbcdn-photos-a-a.akamaihd.net/hphotos-ak-prn2/t1.0-0/1554360_10152221978296840_1202082155170194856_s.jpg'
2014-05-03 16:43:12.687 HelloWorld[3130:4103] ERROR whitelist rejection: url='https://fbcdn-photos-a-a.akamaihd.net/hphotos-ak-prn2/t1.0-0/1554360_10152221978296840_1202082155170194856_s.jpg'
2014-05-03 16:43:12.687 HelloWorld[3130:4103] ERROR whitelist rejection: url='https://fbcdn-photos-a-a.akamaihd.net/hphotos-ak-prn2/t1.0-0/1554360_10152221978296840_1202082155170194856_s.jpg'
2014-05-03 16:43:12.688 HelloWorld[3130:4103] ERROR whitelist rejection: url='https://fbcdn-photos-f-a.akamaihd.net/hphotos-ak-frc3/t1.0-0/10308370_10152221472321840_9122548941943312210_s.jpg'
2014-05-03 16:43:12.688 HelloWorld[3130:4103] ERROR whitelist rejection: url='https://fbcdn-photos-f-a.akamaihd.net/hphotos-ak-frc3/t1.0-0/10308370_10152221472321840_9122548941943312210_s.jpg'
2014-05-03 16:43:12.688 HelloWorld[3130:4103] ERROR whitelist rejection: url='https://fbcdn-photos-f-a.akamaihd.net/hphotos-ak-frc3/t1.0-0/10308370_10152221472321840_9122548941943312210_s.jpg'
2014-05-03 16:43:12.689 HelloWorld[3130:4103] ERROR whitelist rejection: url='https://fbexternal-a.akamaihd.net/safe_image.php?d=AQBuE9cJt9nu9SGf&w=130&h=130&url=http%3A%2F%2Fupload.contextoptional.com%2F20140430161512237105.jpg'
2014-05-03 16:43:12.689 HelloWorld[3130:4103] ERROR whitelist rejection: url='https://fbexternal-a.akamaihd.net/safe_image.php?d=AQBuE9cJt9nu9SGf&w=130&h=130&url=http%3A%2F%2Fupload.contextoptional.com%2F20140430161512237105.jpg'
2014-05-03 16:43:12.689 HelloWorld[3130:4103] ERROR whitelist rejection: url='https://fbexternal-a.akamaihd.net/safe_image.php?d=AQBuE9cJt9nu9SGf&w=130&h=130&url=http%3A%2F%2Fupload.contextoptional.com%2F20140430161512237105.jpg'
2014-05-03 16:43:12.690 HelloWorld[3130:4103] ERROR whitelist rejection: url='https://fbcdn-photos-d-a.akamaihd.net/hphotos-ak-prn2/t1.0-0/10154979_10152220017646840_4769153009179862403_s.jpg'
2014-05-03 16:43:12.690 HelloWorld[3130:4103] ERROR whitelist rejection: url='https://fbcdn-photos-d-a.akamaihd.net/hphotos-ak-prn2/t1.0-0/10154979_10152220017646840_4769153009179862403_s.jpg'
2014-05-03 16:43:12.690 HelloWorld[3130:4103] ERROR whitelist rejection: url='https://fbcdn-photos-d-a.akamaihd.net/hphotos-ak-prn2/t1.0-0/10154979_10152220017646840_4769153009179862403_s.jpg'
2014-05-03 16:43:12.691 HelloWorld[3130:4103] ERROR whitelist rejection: url='https://fbcdn-photos-c-a.akamaihd.net/hphotos-ak-frc1/t1.0-0/10299075_10152219395861840_5475033528711639695_s.jpg'
2014-05-03 16:43:12.692 HelloWorld[3130:4103] ERROR whitelist rejection: url='https://fbcdn-photos-c-a.akamaihd.net/hphotos-ak-frc1/t1.0-0/10299075_10152219395861840_5475033528711639695_s.jpg'
2014-05-03 16:43:12.692 HelloWorld[3130:4103] ERROR whitelist rejection: url='https://fbcdn-photos-c-a.akamaihd.net/hphotos-ak-frc1/t1.0-0/10299075_10152219395861840_5475033528711639695_s.jpg'
2014-05-03 16:43:12.693 HelloWorld[3130:4103] ERROR whitelist rejection: url='https://fbcdn-photos-e-a.akamaihd.net/hphotos-ak-frc3/t1.0-0/10329119_10152219036301840_8691050479727795928_s.jpg'
2014-05-03 16:43:12.693 HelloWorld[3130:4103] ERROR whitelist rejection: url='https://fbcdn-photos-e-a.akamaihd.net/hphotos-ak-frc3/t1.0-0/10329119_10152219036301840_8691050479727795928_s.jpg'
2014-05-03 16:43:12.693 HelloWorld[3130:4103] ERROR whitelist rejection: url='https://fbcdn-photos-e-a.akamaihd.net/hphotos-ak-frc3/t1.0-0/10329119_10152219036301840_8691050479727795928_s.jpg'
2014-05-03 16:43:12.694 HelloWorld[3130:4103] ERROR whitelist rejection: url='https://fbcdn-photos-g-a.akamaihd.net/hphotos-ak-frc3/t1.0-0/10168138_10152218962766840_786904451747984236_s.jpg'
2014-05-03 16:43:12.694 HelloWorld[3130:4103] ERROR whitelist rejection: url='https://fbcdn-photos-g-a.akamaihd.net/hphotos-ak-frc3/t1.0-0/10168138_10152218962766840_786904451747984236_s.jpg'
2014-05-03 16:43:12.694 HelloWorld[3130:4103] ERROR whitelist rejection: url='https://fbcdn-photos-g-a.akamaihd.net/hphotos-ak-frc3/t1.0-0/10168138_10152218962766840_786904451747984236_s.jpg'
2014-05-03 16:43:12.696 HelloWorld[3130:4103] ERROR whitelist rejection: url='https://fbcdn-photos-a-a.akamaihd.net/hphotos-ak-ash3/t1.0-0/10336836_10152217919616840_1306307008533468365_s.jpg'
2014-05-03 16:43:12.696 HelloWorld[3130:4103] ERROR whitelist rejection: url='https://fbcdn-photos-a-a.akamaihd.net/hphotos-ak-ash3/t1.0-0/10336836_10152217919616840_1306307008533468365_s.jpg'
2014-05-03 16:43:12.696 HelloWorld[3130:4103] ERROR whitelist rejection: url='https://fbcdn-photos-a-a.akamaihd.net/hphotos-ak-ash3/t1.0-0/10336836_10152217919616840_1306307008533468365_s.jpg'
2014-05-03 16:43:12.697 HelloWorld[3130:4103] ERROR whitelist rejection: url='https://fbcdn-photos-d-a.akamaihd.net/hphotos-ak-prn2/t1.0-0/10307226_10152216744426840_4806491539620752702_s.jpg'
2014-05-03 16:43:12.697 HelloWorld[3130:4103] ERROR whitelist rejection: url='https://fbcdn-photos-d-a.akamaihd.net/hphotos-ak-prn2/t1.0-0/10307226_10152216744426840_4806491539620752702_s.jpg'
2014-05-03 16:43:12.697 HelloWorld[3130:4103] ERROR whitelist rejection: url='https://fbcdn-photos-d-a.akamaihd.net/hphotos-ak-prn2/t1.0-0/10307226_10152216744426840_4806491539620752702_s.jpg'
2014-05-03 16:43:12.698 HelloWorld[3130:4103] ERROR whitelist rejection: url='https://fbcdn-photos-f-a.akamaihd.net/hphotos-ak-frc3/t1.0-0/10253917_10152216452566840_4814832449018148292_s.jpg'
2014-05-03 16:43:12.698 HelloWorld[3130:4103] ERROR whitelist rejection: url='https://fbcdn-photos-f-a.akamaihd.net/hphotos-ak-frc3/t1.0-0/10253917_10152216452566840_4814832449018148292_s.jpg'
2014-05-03 16:43:12.698 HelloWorld[3130:4103] ERROR whitelist rejection: url='https://fbcdn-photos-f-a.akamaihd.net/hphotos-ak-frc3/t1.0-0/10253917_10152216452566840_4814832449018148292_s.jpg'
2014-05-03 16:43:12.699 HelloWorld[3130:4103] ERROR whitelist rejection: url='https://fbcdn-vthumb-a.akamaihd.net/hvthumb-ak-frc3/t15.0-10/10292446_739536556077986_739535426078099_63797_2399_t.jpg'
2014-05-03 16:43:12.699 HelloWorld[3130:4103] ERROR whitelist rejection: url='https://fbcdn-vthumb-a.akamaihd.net/hvthumb-ak-frc3/t15.0-10/10292446_739536556077986_739535426078099_63797_2399_t.jpg'
2014-05-03 16:43:12.700 HelloWorld[3130:4103] ERROR whitelist rejection: url='https://fbcdn-vthumb-a.akamaihd.net/hvthumb-ak-frc3/t15.0-10/10292446_739536556077986_739535426078099_63797_2399_t.jpg'
2014-05-03 16:43:12.701 HelloWorld[3130:4103] ERROR whitelist rejection: url='https://fbcdn-photos-h-a.akamaihd.net/hphotos-ak-prn1/t1.0-0/10251983_10152215236936840_8444100809719059072_s.jpg'
2014-05-03 16:43:12.701 HelloWorld[3130:4103] ERROR whitelist rejection: url='https://fbcdn-photos-h-a.akamaihd.net/hphotos-ak-prn1/t1.0-0/10251983_10152215236936840_8444100809719059072_s.jpg'
2014-05-03 16:43:12.701 HelloWorld[3130:4103] ERROR whitelist rejection: url='https://fbcdn-photos-h-a.akamaihd.net/hphotos-ak-prn1/t1.0-0/10251983_10152215236936840_8444100809719059072_s.jpg'
2014-05-03 16:43:12.702 HelloWorld[3130:4103] ERROR whitelist rejection: url='https://fbcdn-photos-b-a.akamaihd.net/hphotos-ak-prn2/t1.0-0/10154569_10152214609996840_6467355247293391053_s.jpg'
2014-05-03 16:43:12.702 HelloWorld[3130:4103] ERROR whitelist rejection: url='https://fbcdn-photos-b-a.akamaihd.net/hphotos-ak-prn2/t1.0-0/10154569_10152214609996840_6467355247293391053_s.jpg'
2014-05-03 16:43:12.702 HelloWorld[3130:4103] ERROR whitelist rejection: url='https://fbcdn-photos-b-a.akamaihd.net/hphotos-ak-prn2/t1.0-0/10154569_10152214609996840_6467355247293391053_s.jpg'
2014-05-03 16:43:12.703 HelloWorld[3130:4103] ERROR whitelist rejection: url='https://fbcdn-photos-c-a.akamaihd.net/hphotos-ak-prn2/t1.0-0/10302644_10152214154906840_4292182238506024671_s.jpg'
2014-05-03 16:43:12.703 HelloWorld[3130:4103] ERROR whitelist rejection: url='https://fbcdn-photos-c-a.akamaihd.net/hphotos-ak-prn2/t1.0-0/10302644_10152214154906840_4292182238506024671_s.jpg'
2014-05-03 16:43:12.704 HelloWorld[3130:4103] ERROR whitelist rejection: url='https://fbcdn-photos-c-a.akamaihd.net/hphotos-ak-prn2/t1.0-0/10302644_10152214154906840_4292182238506024671_s.jpg'
2014-05-03 16:43:12.704 HelloWorld[3130:4103] ERROR whitelist rejection: url='https://fbcdn-photos-g-a.akamaihd.net/hphotos-ak-prn2/t1.0-0/10006269_10152213498866840_6803881293804341735_s.jpg'
2014-05-03 16:43:12.705 HelloWorld[3130:4103] ERROR whitelist rejection: url='https://fbcdn-photos-g-a.akamaihd.net/hphotos-ak-prn2/t1.0-0/10006269_10152213498866840_6803881293804341735_s.jpg'
2014-05-03 16:43:12.705 HelloWorld[3130:4103] ERROR whitelist rejection: url='https://fbcdn-photos-g-a.akamaihd.net/hphotos-ak-prn2/t1.0-0/10006269_10152213498866840_6803881293804341735_s.jpg'
2014-05-03 16:43:12.705 HelloWorld[3130:4103] ERROR whitelist rejection: url='https://fbcdn-photos-h-a.akamaihd.net/hphotos-ak-prn2/t1.0-0/1238272_10152213192201840_8396393250763760876_s.jpg'
2014-05-03 16:43:12.706 HelloWorld[3130:4103] ERROR whitelist rejection: url='https://fbcdn-photos-h-a.akamaihd.net/hphotos-ak-prn2/t1.0-0/1238272_10152213192201840_8396393250763760876_s.jpg'
2014-05-03 16:43:12.706 HelloWorld[3130:4103] ERROR whitelist rejection: url='https://fbcdn-photos-h-a.akamaihd.net/hphotos-ak-prn2/t1.0-0/1238272_10152213192201840_8396393250763760876_s.jpg'
2014-05-03 16:43:12.707 HelloWorld[3130:4103] ERROR whitelist rejection: url='https://fbcdn-photos-g-a.akamaihd.net/hphotos-ak-prn2/t1.0-0/10288719_10152213092161840_2514513967371599569_s.jpg'
2014-05-03 16:43:12.707 HelloWorld[3130:4103] ERROR whitelist rejection: url='https://fbcdn-photos-g-a.akamaihd.net/hphotos-ak-prn2/t1.0-0/10288719_10152213092161840_2514513967371599569_s.jpg'
2014-05-03 16:43:12.707 HelloWorld[3130:4103] ERROR whitelist rejection: url='https://fbcdn-photos-g-a.akamaihd.net/hphotos-ak-prn2/t1.0-0/10288719_10152213092161840_2514513967371599569_s.jpg'
2014-05-03 16:43:12.708 HelloWorld[3130:4103] ERROR whitelist rejection: url='https://fbexternal-a.akamaihd.net/safe_image.php?d=AQCMJzNmgXrzbjYi&w=130&h=130&url=http%3A%2F%2Fupload.contextoptional.com%2F2014042716300754454.jpg'
2014-05-03 16:43:12.708 HelloWorld[3130:4103] ERROR whitelist rejection: url='https://fbexternal-a.akamaihd.net/safe_image.php?d=AQCMJzNmgXrzbjYi&w=130&h=130&url=http%3A%2F%2Fupload.contextoptional.com%2F2014042716300754454.jpg'
2014-05-03 16:43:12.708 HelloWorld[3130:4103] ERROR whitelist rejection: url='https://fbexternal-a.akamaihd.net/safe_image.php?d=AQCMJzNmgXrzbjYi&w=130&h=130&url=http%3A%2F%2Fupload.contextoptional.com%2F2014042716300754454.jpg'
2014-05-03 16:43:12.709 HelloWorld[3130:4103] ERROR whitelist rejection: url='https://fbcdn-photos-a-a.akamaihd.net/hphotos-ak-prn2/t1.0-0/10153218_10152211467576840_1122982163494611336_s.jpg'
2014-05-03 16:43:12.709 HelloWorld[3130:4103] ERROR whitelist rejection: url='https://fbcdn-photos-a-a.akamaihd.net/hphotos-ak-prn2/t1.0-0/10153218_10152211467576840_1122982163494611336_s.jpg'
2014-05-03 16:43:12.710 HelloWorld[3130:4103] ERROR whitelist rejection: url='https://fbcdn-photos-a-a.akamaihd.net/hphotos-ak-prn2/t1.0-0/10153218_10152211467576840_1122982163494611336_s.jpg'
2014-05-03 16:46:34.220 HelloWorld[3537:90b] Multi-tasking -> Device: YES, App: YES
2014-05-03 16:46:34.228 HelloWorld[3537:90b] Unlimited access to network resources
2014-05-03 16:46:34.355 HelloWorld[3537:90b] Resetting plugins due to page load.
2014-05-03 16:46:34.421 HelloWorld[3537:90b] Finished load of: file:///Users/bryan/Library/Application%20Support/iPhone%20Simulator/7.1/Applications/9C919A04-50F1-4C40-AD33-2EEBB8CD967A/HelloWorld.app/www/index.html
2014-05-03 16:47:19.147 HelloWorld[3872:90b] Multi-tasking -> Device: YES, App: YES
2014-05-03 16:47:19.155 HelloWorld[3872:90b] Unlimited access to network resources
2014-05-03 16:47:19.274 HelloWorld[3872:90b] Resetting plugins due to page load.
2014-05-03 16:47:19.338 HelloWorld[3872:90b] Finished load of: file:///Users/bryan/Library/Application%20Support/iPhone%20Simulator/7.1/Applications/9C919A04-50F1-4C40-AD33-2EEBB8CD967A/HelloWorld.app/www/index.html
2014-05-04 16:09:55.134 HelloWorld[6040:90b] Multi-tasking -> Device: YES, App: YES
2014-05-04 16:09:55.175 HelloWorld[6040:90b] Unlimited access to network resources
2014-05-04 16:09:55.344 HelloWorld[6040:90b] Resetting plugins due to page load.
2014-05-04 16:09:55.440 HelloWorld[6040:90b] Finished load of: file:///Users/bryan/Library/Application%20Support/iPhone%20Simulator/7.1/Applications/9C919A04-50F1-4C40-AD33-2EEBB8CD967A/HelloWorld.app/www/index.html
2014-05-04 16:13:26.145 HelloWorld[6488:90b] Multi-tasking -> Device: YES, App: YES
2014-05-04 16:13:26.151 HelloWorld[6488:90b] Unlimited access to network resources
2014-05-04 16:13:26.195 HelloWorld[6488:90b] Resetting plugins due to page load.
2014-05-04 16:13:26.240 HelloWorld[6488:90b] Finished load of: file:///Users/bryan/Library/Application%20Support/iPhone%20Simulator/7.1/Applications/9C919A04-50F1-4C40-AD33-2EEBB8CD967A/HelloWorld.app/www/index.html
2014-05-04 16:14:32.605 HelloWorld[6860:90b] Multi-tasking -> Device: YES, App: YES
2014-05-04 16:14:32.612 HelloWorld[6860:90b] Unlimited access to network resources
2014-05-04 16:14:32.737 HelloWorld[6860:90b] Resetting plugins due to page load.
2014-05-04 16:14:32.789 HelloWorld[6860:90b] Finished load of: file:///Users/bryan/Library/Application%20Support/iPhone%20Simulator/7.1/Applications/9C919A04-50F1-4C40-AD33-2EEBB8CD967A/HelloWorld.app/www/index.html
2014-05-04 16:18:27.160 HelloWorld[7264:90b] Multi-tasking -> Device: YES, App: YES
2014-05-04 16:18:27.170 HelloWorld[7264:90b] Unlimited access to network resources
2014-05-04 16:18:27.311 HelloWorld[7264:90b] Resetting plugins due to page load.
2014-05-04 16:18:27.370 HelloWorld[7264:90b] Finished load of: file:///Users/bryan/Library/Application%20Support/iPhone%20Simulator/7.1/Applications/9C919A04-50F1-4C40-AD33-2EEBB8CD967A/HelloWorld.app/www/index.html
2014-05-04 16:19:25.653 HelloWorld[7618:90b] Multi-tasking -> Device: YES, App: YES
2014-05-04 16:19:25.663 HelloWorld[7618:90b] Unlimited access to network resources
2014-05-04 16:19:25.754 HelloWorld[7618:90b] Resetting plugins due to page load.
2014-05-04 16:19:25.840 HelloWorld[7618:90b] Finished load of: file:///Users/bryan/Library/Application%20Support/iPhone%20Simulator/7.1/Applications/9C919A04-50F1-4C40-AD33-2EEBB8CD967A/HelloWorld.app/www/index.html
2014-05-04 16:22:22.421 HelloWorld[8099:90b] Multi-tasking -> Device: YES, App: YES
2014-05-04 16:22:22.428 HelloWorld[8099:90b] Unlimited access to network resources
2014-05-04 16:22:22.570 HelloWorld[8099:90b] Resetting plugins due to page load.
2014-05-04 16:22:22.633 HelloWorld[8099:90b] Finished load of: file:///Users/bryan/Library/Application%20Support/iPhone%20Simulator/7.1/Applications/9C919A04-50F1-4C40-AD33-2EEBB8CD967A/HelloWorld.app/www/index.html
2014-05-04 16:33:07.609 HelloWorld[8578:90b] Multi-tasking -> Device: YES, App: YES
2014-05-04 16:33:07.620 HelloWorld[8578:90b] Unlimited access to network resources
2014-05-04 16:33:07.737 HelloWorld[8578:90b] Resetting plugins due to page load.
2014-05-04 16:33:07.789 HelloWorld[8578:90b] Finished load of: file:///Users/bryan/Library/Application%20Support/iPhone%20Simulator/7.1/Applications/9C919A04-50F1-4C40-AD33-2EEBB8CD967A/HelloWorld.app/www/index.html
2014-05-04 16:34:43.969 HelloWorld[8921:90b] Multi-tasking -> Device: YES, App: YES
2014-05-04 16:34:43.978 HelloWorld[8921:90b] Unlimited access to network resources
2014-05-04 16:34:44.091 HelloWorld[8921:90b] Resetting plugins due to page load.
2014-05-04 16:34:44.150 HelloWorld[8921:90b] Finished load of: file:///Users/bryan/Library/Application%20Support/iPhone%20Simulator/7.1/Applications/9C919A04-50F1-4C40-AD33-2EEBB8CD967A/HelloWorld.app/www/index.html
